  [1m[35m (2.2ms)[0m  [1m[34mSELECT sqlite_version(*)[0m
  [1m[35m (1.3ms)[0m  [1m[35mCREATE TABLE "schema_migrations" ("version" varchar NOT NULL PRIMARY KEY)[0m
  [1m[35m (1.0ms)[0m  [1m[35mCREATE TABLE "ar_internal_metadata" ("key" varchar NOT NULL PRIMARY KEY, "value" varchar, "created_at" datetime(6) NOT NULL, "updated_at" datetime(6) NOT NULL)[0m
  [1m[35m (0.2ms)[0m  [1m[34mSELECT "schema_migrations"."version" FROM "schema_migrations" ORDER BY "schema_migrations"."version" ASC[0m
Migrating to CreateUsers (20200617131654)
  [1m[35m (0.1ms)[0m  [1m[36mbegin transaction[0m
  [1m[35m (0.4ms)[0m  [1m[35mCREATE TABLE "users" ("id" integer PRIMARY KEY AUTOINCREMENT NOT NULL, "username" varchar)[0m
  [1m[36mprimary::SchemaMigration Create (0.1ms)[0m  [1m[32mINSERT INTO "schema_migrations" ("version") VALUES (?)[0m  [["version", "20200617131654"]]
  [1m[35m (0.7ms)[0m  [1m[36mcommit transaction[0m
Migrating to CreateNotes (20200617131747)
  [1m[35m (0.0ms)[0m  [1m[36mbegin transaction[0m
  [1m[35m (0.3ms)[0m  [1m[35mCREATE TABLE "notes" ("id" integer PRIMARY KEY AUTOINCREMENT NOT NULL, "author_id" integer, "title" varchar, "content" varchar)[0m
  [1m[36mprimary::SchemaMigration Create (0.1ms)[0m  [1m[32mINSERT INTO "schema_migrations" ("version") VALUES (?)[0m  [["version", "20200617131747"]]
  [1m[35m (0.7ms)[0m  [1m[36mcommit transaction[0m
  [1m[36mActiveRecord::InternalMetadata Load (0.1ms)[0m  [1m[34mSELECT "ar_internal_metadata".* FROM "ar_internal_metadata" WHERE "ar_internal_metadata"."key" = ? LIMIT ?[0m  [["key", "environment"], ["LIMIT", 1]]
  [1m[35m (0.0ms)[0m  [1m[36mbegin transaction[0m
  [1m[36mActiveRecord::InternalMetadata Create (0.3ms)[0m  [1m[32mINSERT INTO "ar_internal_metadata" ("key", "value", "created_at", "updated_at") VALUES (?, ?, ?, ?)[0m  [["key", "environment"], ["value", "development"], ["created_at", "2020-06-17 13:21:57.125244"], ["updated_at", "2020-06-17 13:21:57.125244"]]
  [1m[35m (0.7ms)[0m  [1m[36mcommit transaction[0m
  [1m[35m (0.0ms)[0m  [1m[34mSELECT sqlite_version(*)[0m
  [1m[35m (0.1ms)[0m  [1m[34mSELECT "schema_migrations"."version" FROM "schema_migrations" ORDER BY "schema_migrations"."version" ASC[0m
  [1m[35m (0.3ms)[0m  [1m[34mSELECT sqlite_version(*)[0m
  [1m[35m (0.1ms)[0m  [1m[34mSELECT "schema_migrations"."version" FROM "schema_migrations" ORDER BY "schema_migrations"."version" ASC[0m
  [1m[35m (0.0ms)[0m  [1m[34mSELECT sqlite_version(*)[0m
  [1m[35m (0.0ms)[0m  [1m[36mbegin transaction[0m
  [1m[36mUser Create (0.6ms)[0m  [1m[32mINSERT INTO "users" ("username") VALUES (?)[0m  [["username", "auz"]]
  [1m[35m (0.8ms)[0m  [1m[36mcommit transaction[0m
  [1m[35m (0.0ms)[0m  [1m[36mbegin transaction[0m
  [1m[36mUser Create (0.3ms)[0m  [1m[32mINSERT INTO "users" ("username") VALUES (?)[0m  [["username", "stefani"]]
  [1m[35m (0.9ms)[0m  [1m[36mcommit transaction[0m
  [1m[35m (0.1ms)[0m  [1m[36mbegin transaction[0m
  [1m[36mUser Create (0.4ms)[0m  [1m[32mINSERT INTO "users" ("username") VALUES (?)[0m  [["username", "haley"]]
  [1m[35m (0.5ms)[0m  [1m[36mcommit transaction[0m
  [1m[35m (0.0ms)[0m  [1m[36mbegin transaction[0m
  [1m[36mNote Create (0.2ms)[0m  [1m[32mINSERT INTO "notes" ("author_id", "title", "content") VALUES (?, ?, ?)[0m  [["author_id", 1], ["title", "groceries"], ["content", "eggs, milk, bread, apples"]]
  [1m[35m (1.1ms)[0m  [1m[36mcommit transaction[0m
  [1m[35m (0.0ms)[0m  [1m[36mbegin transaction[0m
  [1m[36mNote Create (0.3ms)[0m  [1m[32mINSERT INTO "notes" ("author_id", "title", "content") VALUES (?, ?, ?)[0m  [["author_id", 2], ["title", "hey now, hey now..."], ["content", "this is what dreams are made of"]]
  [1m[35m (0.8ms)[0m  [1m[36mcommit transaction[0m
  [1m[35m (0.1ms)[0m  [1m[36mbegin transaction[0m
  [1m[36mNote Create (0.3ms)[0m  [1m[32mINSERT INTO "notes" ("author_id", "title", "content") VALUES (?, ?, ?)[0m  [["author_id", 1], ["title", "saturday to dos"], ["content", "laundry, wash car, homework"]]
  [1m[35m (0.6ms)[0m  [1m[36mcommit transaction[0m
Started GET "/" for ::1 at 2020-06-17 08:30:36 -0500
  [1m[35m (0.4ms)[0m  [1m[34mSELECT sqlite_version(*)[0m
  [1m[35m (0.1ms)[0m  [1m[34mSELECT "schema_migrations"."version" FROM "schema_migrations" ORDER BY "schema_migrations"."version" ASC[0m
Processing by Rails::WelcomeController#index as HTML
  Rendering /Users/stefaniwaddell/.rvm/gems/ruby-2.6.1/gems/railties-6.0.3.1/lib/rails/templates/rails/welcome/index.html.erb
  Rendered /Users/stefaniwaddell/.rvm/gems/ruby-2.6.1/gems/railties-6.0.3.1/lib/rails/templates/rails/welcome/index.html.erb (Duration: 5.8ms | Allocations: 480)
Completed 200 OK in 16ms (Views: 11.0ms | ActiveRecord: 0.0ms | Allocations: 2632)


Started GET "/users" for ::1 at 2020-06-17 08:30:39 -0500
Processing by UsersController#index as HTML
  [1m[36mUser Load (0.2ms)[0m  [1m[34mSELECT "users".* FROM "users"[0m
  ↳ app/controllers/users_controller.rb:5:in `index'
Completed 200 OK in 5ms (Views: 3.3ms | ActiveRecord: 0.6ms | Allocations: 2986)


Started GET "/notes" for ::1 at 2020-06-17 08:30:44 -0500
  
SyntaxError (/Users/stefaniwaddell/Development/code/flatnotes-backend/app/controllers/notes_controller.rb:14: syntax error, unexpected ','
...note = Note.create(author_id: , title: params[:title], conte...
...                              ^
/Users/stefaniwaddell/Development/code/flatnotes-backend/app/controllers/notes_controller.rb:14: syntax error, unexpected tLABEL, expecting '='
...title: params[:title], content: params[:content])
...                       ^~~~~~~~
/Users/stefaniwaddell/Development/code/flatnotes-backend/app/controllers/notes_controller.rb:14: syntax error, unexpected ')', expecting end
...le], content: params[:content])
...                              ^):
  
app/controllers/notes_controller.rb:14: syntax error, unexpected ','
app/controllers/notes_controller.rb:14: syntax error, unexpected tLABEL, expecting '='
app/controllers/notes_controller.rb:14: syntax error, unexpected ')', expecting end
app/controllers/notes_controller.rb:14: syntax error, unexpected ','
app/controllers/notes_controller.rb:14: syntax error, unexpected tLABEL, expecting '='
app/controllers/notes_controller.rb:14: syntax error, unexpected ')', expecting end
Started GET "/notes" for ::1 at 2020-06-17 08:31:55 -0500
  [1m[35m (0.1ms)[0m  [1m[34mSELECT sqlite_version(*)[0m
Processing by NotesController#index as HTML
  [1m[36mNote Load (0.1ms)[0m  [1m[34mSELECT "notes".* FROM "notes"[0m
  ↳ app/controllers/notes_controller.rb:5:in `index'
Completed 200 OK in 5ms (Views: 3.9ms | ActiveRecord: 0.6ms | Allocations: 4405)


